%!Adobe-FontList 1.13
%Locale:0x409

%BeginFont
Handler:DirectoryHandler
FontType:Type1
FontName:AvenirNextLTPro-Bold
FamilyName:Avenir Next LT Pro
StyleName:Bold
MenuName:AvenirNext LT Pro Bold
StyleBits:0
WeightClass:700
WidthClass:5
AngleClass:0
FullName:Avenir Next LT Pro Bold
WritingScript:Roman
OutlineFileName:\AvenirNextLTPro-Bold.otf
DataFormat:sfntData
UsesStandardEncoding:yes
isCFF:yes
FileLength:69772
FileModTime:1411236778
%EndFont

%BeginFont
Handler:DirectoryHandler
FontType:Type1
FontName:AvenirNextLTPro-Regular
FamilyName:Avenir Next LT Pro
StyleName:Regular
MenuName:AvenirNext LT Pro Regular
StyleBits:0
WeightClass:400
WidthClass:5
AngleClass:0
FullName:Avenir Next LT Pro
WritingScript:Roman
OutlineFileName:\AvenirNextLTPro-Regular.otf
DataFormat:sfntData
UsesStandardEncoding:yes
isCFF:yes
FileLength:66800
FileModTime:1411236778
%EndFont

